/Library/Java/JavaVirtualMachines/jdk1.8.0_221.jdk/Contents/Home/bin/java  -Xms512m -Xmx512m -Xmn256m -Dnacos.standalone=true -Djava.ext.dirs=/Library/Java/JavaVirtualMachines/jdk1.8.0_221.jdk/Contents/Home/jre/lib/ext:/Library/Java/JavaVirtualMachines/jdk1.8.0_221.jdk/Contents/Home/lib/ext:/Users/wangzhixiong/Documents/software/tools/java/IDE/ideaworkspace/springclouds/springcloudalibaba/nacos/plugins/cmdb:/Users/wangzhixiong/Documents/software/tools/java/IDE/ideaworkspace/springclouds/springcloudalibaba/nacos/plugins/mysql -Xloggc:/Users/wangzhixiong/Documents/software/tools/java/IDE/ideaworkspace/springclouds/springcloudalibaba/nacos/logs/nacos_gc.log -verbose:gc -XX:+PrintGCDetails -XX:+PrintGCDateStamps -XX:+PrintGCTimeStamps -XX:+UseGCLogFileRotation -XX:NumberOfGCLogFiles=10 -XX:GCLogFileSize=100M -Dnacos.home=/Users/wangzhixiong/Documents/software/tools/java/IDE/ideaworkspace/springclouds/springcloudalibaba/nacos -jar /Users/wangzhixiong/Documents/software/tools/java/IDE/ideaworkspace/springclouds/springcloudalibaba/nacos/target/nacos-server.jar  --spring.config.location=classpath:/,classpath:/config/,file:./,file:./config/,file:/Users/wangzhixiong/Documents/software/tools/java/IDE/ideaworkspace/springclouds/springcloudalibaba/nacos/conf/ --logging.config=/Users/wangzhixiong/Documents/software/tools/java/IDE/ideaworkspace/springclouds/springcloudalibaba/nacos/conf/nacos-logback.xml --server.max-http-header-size=524288

         ,--.
       ,--.'|
   ,--,:  : |                                           Nacos 1.1.0
,`--.'`|  ' :                       ,---.               Running in stand alone mode, All function modules
|   :  :  | |                      '   ,'\   .--.--.    Port: 8848
:   |   \ | :  ,--.--.     ,---.  /   /   | /  /    '   Pid: 4281
|   : '  '; | /       \   /     \.   ; ,. :|  :  /`./   Console: http://192.168.1.66:8848/nacos/index.html
'   ' ;.    ;.--.  .-. | /    / ''   | |: :|  :  ;_
|   | | \   | \__\/: . ..    ' / '   | .; : \  \    `.      https://nacos.io
'   : |  ; .' ," .--.; |'   ; :__|   :    |  `----.   \
|   | '`--'  /  /  ,.  |'   | '.'|\   \  /  /  /`--'  /
'   : |     ;  :   .'   \   :    : `----'  '--'.     /
;   |.'     |  ,     .-./\   \  /            `--'---'
'---'        `--`---'     `----'

2019-10-20 13:56:49,814 INFO Bean 'org.springframework.security.config.annotation.configuration.ObjectPostProcessorConfiguration' of type [org.springframework.security.config.annotation.configuration.ObjectPostProcessorConfiguration$$EnhancerBySpringCGLIB$$fed5353a] is not eligible for getting processed by all BeanPostProcessors (for example: not eligible for auto-proxying)

2019-10-20 13:56:49,932 INFO Bean 'objectPostProcessor' of type [org.springframework.security.config.annotation.configuration.AutowireBeanFactoryObjectPostProcessor] is not eligible for getting processed by all BeanPostProcessors (for example: not eligible for auto-proxying)

2019-10-20 13:56:49,934 INFO Bean 'org.springframework.security.access.expression.method.DefaultMethodSecurityExpressionHandler@117159c0' of type [org.springframework.security.access.expression.method.DefaultMethodSecurityExpressionHandler] is not eligible for getting processed by all BeanPostProcessors (for example: not eligible for auto-proxying)

2019-10-20 13:56:49,935 INFO Bean 'org.springframework.security.config.annotation.method.configuration.GlobalMethodSecurityConfiguration' of type [org.springframework.security.config.annotation.method.configuration.GlobalMethodSecurityConfiguration$$EnhancerBySpringCGLIB$$23a9d7ec] is not eligible for getting processed by all BeanPostProcessors (for example: not eligible for auto-proxying)

2019-10-20 13:56:49,941 INFO Bean 'methodSecurityMetadataSource' of type [org.springframework.security.access.method.DelegatingMethodSecurityMetadataSource] is not eligible for getting processed by all BeanPostProcessors (for example: not eligible for auto-proxying)

2019-10-20 13:56:50,466 INFO Tomcat initialized with port(s): 8848 (http)

2019-10-20 13:56:50,622 INFO Root WebApplicationContext: initialization completed in 2711 ms

2019-10-20 13:56:54,037 INFO Initializing ExecutorService 'applicationTaskExecutor'

2019-10-20 13:56:54,433 INFO Adding welcome page: class path resource [static/index.html]

2019-10-20 13:56:54,808 INFO Creating filter chain: Ant [pattern='/'], []

2019-10-20 13:56:54,808 INFO Creating filter chain: Ant [pattern='/**/*.css'], []

2019-10-20 13:56:54,808 INFO Creating filter chain: Ant [pattern='/**/*.js'], []

2019-10-20 13:56:54,808 INFO Creating filter chain: Ant [pattern='/**/*.html'], []

2019-10-20 13:56:54,808 INFO Creating filter chain: Ant [pattern='/**/*.map'], []

2019-10-20 13:56:54,808 INFO Creating filter chain: Ant [pattern='/**/*.svg'], []

2019-10-20 13:56:54,808 INFO Creating filter chain: Ant [pattern='/**/*.png'], []

2019-10-20 13:56:54,808 INFO Creating filter chain: Ant [pattern='/**/*.ico'], []

2019-10-20 13:56:54,809 INFO Creating filter chain: Ant [pattern='/console-fe/public/**'], []

2019-10-20 13:56:54,809 INFO Creating filter chain: Ant [pattern='/v1/auth/login'], []

2019-10-20 13:56:54,809 INFO Creating filter chain: Ant [pattern='/v1/console/health/**'], []

2019-10-20 13:56:54,809 INFO Creating filter chain: Ant [pattern='/v1/cs/**'], []

2019-10-20 13:56:54,809 INFO Creating filter chain: Ant [pattern='/v1/ns/**'], []

2019-10-20 13:56:54,809 INFO Creating filter chain: Ant [pattern='/v1/cmdb/**'], []

2019-10-20 13:56:54,809 INFO Creating filter chain: Ant [pattern='/actuator/**'], []

2019-10-20 13:56:54,809 INFO Creating filter chain: Ant [pattern='/v1/console/server/**'], []

2019-10-20 13:56:54,851 INFO Creating filter chain: any request, [org.springframework.security.web.context.request.async.WebAsyncManagerIntegrationFilter@1ddae9b5, org.springframework.security.web.context.SecurityContextPersistenceFilter@7c56e013, org.springframework.security.web.header.HeaderWriterFilter@e260766, org.springframework.security.web.authentication.logout.LogoutFilter@34a1d21f, com.alibaba.nacos.console.filter.JwtAuthenticationTokenFilter@427b5f92, org.springframework.security.web.savedrequest.RequestCacheAwareFilter@40258c2f, org.springframework.security.web.servletapi.SecurityContextHolderAwareRequestFilter@16f7b4af, org.springframework.security.web.authentication.AnonymousAuthenticationFilter@24bdb479, org.springframework.security.web.session.SessionManagementFilter@34a97744, org.springframework.security.web.access.ExceptionTranslationFilter@64df9a61, org.springframework.security.web.access.intercept.FilterSecurityInterceptor@1d7f7be7]

2019-10-20 13:56:54,882 INFO Exposing 2 endpoint(s) beneath base path '/actuator'

2019-10-20 13:56:54,906 INFO Initializing ExecutorService 'taskScheduler'

2019-10-20 13:56:55,000 INFO Tomcat started on port(s): 8848 (http) with context path '/nacos'

2019-10-20 13:56:55,005 INFO Nacos Log files: /Users/wangzhixiong/Documents/software/tools/java/IDE/ideaworkspace/springclouds/springcloudalibaba/nacos/logs/

2019-10-20 13:56:55,005 INFO Nacos Conf files: /Users/wangzhixiong/Documents/software/tools/java/IDE/ideaworkspace/springclouds/springcloudalibaba/nacos/conf/

2019-10-20 13:56:55,005 INFO Nacos Data files: /Users/wangzhixiong/Documents/software/tools/java/IDE/ideaworkspace/springclouds/springcloudalibaba/nacos/data/

2019-10-20 13:56:55,005 INFO Nacos started successfully in stand alone mode.

2019-10-20 13:56:56,164 INFO Initializing Servlet 'dispatcherServlet'

2019-10-20 13:56:56,174 INFO Completed initialization in 10 ms

2019-10-20 14:08:03,792 INFO Shutting down ExecutorService 'taskScheduler'

2019-10-20 14:08:03,810 INFO Shutting down ExecutorService 'applicationTaskExecutor'

